<?xml version="1.0" encoding="UTF-8"?>
<!-- Generated by org.testng.reporters.JUnitReportReporter -->
<testsuite hostname="Tester-PC" failures="0" tests="1" name="testngdemo.ConsultantResgistration" time="116.700" errors="0" timestamp="06 Jul 2022 13:54:04 GMT" skipped="0">
  <testcase classname="testngdemo.ConsultantResgistration" name="Registration" time="116.700"/>
</testsuite> <!-- testngdemo.ConsultantResgistration -->
