<?xml version="1.0" encoding="UTF-8"?>
<!-- Generated by org.testng.reporters.JUnitReportReporter -->
<testsuite hostname="Tester-PC" failures="0" tests="1" name="testngdemo.Advance_Search" time="0.004" errors="0" timestamp="17 Jun 2022 04:01:06 GMT" skipped="0">
  <testcase classname="testngdemo.Advance_Search" name="AdvanceSearch" time="0.004"/>
</testsuite> <!-- testngdemo.Advance_Search -->
