<?xml version="1.0" encoding="UTF-8"?>
<!-- Generated by org.testng.reporters.JUnitReportReporter -->
<testsuite hostname="Tester-PC" failures="0" tests="2" name="testngdemo.Advance_Search" time="0.007" errors="0" timestamp="30 Jun 2022 04:26:49 GMT" skipped="0">
  <testcase classname="testngdemo.Advance_Search" name="AdvanceSearch" time="0.004"/>
  <testcase classname="testngdemo.Advance_Search" name="name" time="0.003"/>
</testsuite> <!-- testngdemo.Advance_Search -->
